<?xml version="1.0" encoding="UTF-8"?>
<testsuite name="MemoryFinderTest" tests="1" skipped="0" failures="0" errors="0" timestamp="2024-07-23T11:11:34" hostname="DESKTOP-UK1OTJA" time="0.131">
  <properties/>
  <testcase name="get()" classname="MemoryFinderTest" time="0.131"/>
  <system-out><![CDATA[]]></system-out>
  <system-err><![CDATA[]]></system-err>
</testsuite>
