<?xml version="1.0" encoding="UTF-8"?>
<testsuite name="MemoryFinderTest" tests="1" skipped="0" failures="0" errors="0" timestamp="2024-07-23T11:13:06" hostname="DESKTOP-UK1OTJA" time="0.361">
  <properties/>
  <testcase name="get()" classname="MemoryFinderTest" time="0.361"/>
  <system-out><![CDATA[]]></system-out>
  <system-err><![CDATA[]]></system-err>
</testsuite>
